<?xml version="1.0" encoding="UTF-8"?>
<!-- Generated by org.testng.reporters.JUnitReportReporter -->
<testsuite skipped="0" hostname="subha-pc" name="com.CRMVTiger.contact.TC01Test" tests="1" failures="0" timestamp="06 Jan 2020 09:25:20 GMT" time="43.184" errors="0">
  <testcase name="create_Contact_ValidData" time="43.184" classname="com.CRMVTiger.contact.TC01Test"/>
</testsuite> <!-- com.CRMVTiger.contact.TC01Test -->
